\BOOKMARK [0][-]{chapter*.1}{\376\377\000\315\000n\000d\000i\000c\000e\000\040\000g\000e\000n\000e\000r\000a\000l}{}% 1
\BOOKMARK [1][-]{section.0.1}{\376\377\000I\000n\000t\000r\000o\000d\000u\000c\000c\000i\000\363\000n}{chapter*.1}% 2
\BOOKMARK [1][-]{section.0.2}{\376\377\000D\000o\000c\000u\000m\000e\000n\000t\000a\000c\000i\000\363\000n\000\040\000d\000e\000\040\000u\000s\000u\000a\000r\000i\000o}{chapter*.1}% 3
\BOOKMARK [2][-]{subsection.0.2.1}{\376\377\000D\000e\000s\000c\000r\000i\000p\000c\000i\000\363\000n\000\040\000f\000u\000n\000c\000i\000o\000n\000a\000l}{section.0.2}% 4
\BOOKMARK [2][-]{subsection.0.2.2}{\376\377\000T\000e\000c\000n\000o\000l\000o\000g\000\355\000a}{section.0.2}% 5
\BOOKMARK [2][-]{subsection.0.2.3}{\376\377\000M\000a\000n\000u\000a\000l\000\040\000d\000e\000\040\000i\000n\000s\000t\000a\000l\000a\000c\000i\000\363\000n}{section.0.2}% 6
\BOOKMARK [2][-]{subsection.0.2.4}{\376\377\000A\000c\000c\000e\000s\000o\000\040\000a\000l\000\040\000s\000i\000s\000t\000e\000m\000a}{section.0.2}% 7
\BOOKMARK [2][-]{subsection.0.2.5}{\376\377\000M\000a\000n\000u\000a\000l\000\040\000d\000e\000\040\000r\000e\000f\000e\000r\000e\000n\000c\000i\000a}{section.0.2}% 8
\BOOKMARK [1][-]{section.0.3}{\376\377\000D\000o\000c\000u\000m\000e\000n\000t\000a\000c\000i\000\363\000n\000\040\000d\000e\000\040\000s\000i\000s\000t\000e\000m\000a}{chapter*.1}% 9
\BOOKMARK [2][-]{subsection.0.3.1}{\376\377\000E\000s\000p\000e\000c\000i\000f\000i\000c\000a\000c\000i\000\363\000n\000\040\000d\000e\000l\000\040\000s\000i\000s\000t\000e\000m\000a}{section.0.3}% 10
\BOOKMARK [3][-]{subsubsection.0.3.1.1}{\376\377\000D\000i\000v\000i\000s\000i\000\363\000n\000\040\000d\000e\000\040\000l\000o\000s\000\040\000m\000\363\000d\000u\000l\000o\000s}{subsection.0.3.1}% 11
\BOOKMARK [3][-]{subsubsection.0.3.1.2}{\376\377\000R\000e\000l\000a\000c\000i\000o\000n\000e\000s\000\040\000d\000e\000\040\000l\000o\000s\000\040\000m\000\363\000d\000u\000l\000o\000s}{subsection.0.3.1}% 12
\BOOKMARK [3][-]{subsubsection.0.3.1.3}{\376\377\000P\000l\000a\000n\000\040\000d\000e\000\040\000d\000e\000s\000a\000r\000r\000o\000l\000l\000o\000\040\000d\000e\000l\000\040\000S\000o\000f\000t\000w\000a\000r\000e}{subsection.0.3.1}% 13
\BOOKMARK [2][-]{subsection.0.3.2}{\376\377\000M\000\363\000d\000u\000l\000o\000s}{section.0.3}% 14
\BOOKMARK [3][-]{subsubsection.0.3.2.1}{\376\377\000A\000c\000c\000e\000s\000o}{subsection.0.3.2}% 15
\BOOKMARK [3][-]{subsubsection.0.3.2.2}{\376\377\000A\000c\000t\000u\000a\000l\000i\000z\000a\000r}{subsection.0.3.2}% 16
\BOOKMARK [3][-]{subsubsection.0.3.2.3}{\376\377\000B\000u\000s\000c\000a\000r}{subsection.0.3.2}% 17
\BOOKMARK [3][-]{subsubsection.0.3.2.4}{\376\377\000C\000o\000l\000o\000r\000e\000s}{subsection.0.3.2}% 18
\BOOKMARK [3][-]{subsubsection.0.3.2.5}{\376\377\000E\000l\000i\000m\000i\000n\000a\000r}{subsection.0.3.2}% 19
\BOOKMARK [3][-]{subsubsection.0.3.2.6}{\376\377\000E\000n\000c\000o\000n\000t\000r\000a\000r}{subsection.0.3.2}% 20
\BOOKMARK [3][-]{subsubsection.0.3.2.7}{\376\377\000E\000s\000c\000r\000i\000b\000i\000r}{subsection.0.3.2}% 21
\BOOKMARK [3][-]{subsubsection.0.3.2.8}{\376\377\000E\000s\000t\000r\000u\000c\000t\000u\000r\000a\000s}{subsection.0.3.2}% 22
\BOOKMARK [3][-]{subsubsection.0.3.2.9}{\376\377\000F\000e\000c\000h\000a}{subsection.0.3.2}% 23
\BOOKMARK [3][-]{subsubsection.0.3.2.10}{\376\377\000L\000e\000e\000r}{subsection.0.3.2}% 24
\BOOKMARK [3][-]{subsubsection.0.3.2.11}{\376\377\000L\000i\000s\000t\000a\000r}{subsection.0.3.2}% 25
\BOOKMARK [3][-]{subsubsection.0.3.2.12}{\376\377\000M\000e\000n\000\372\000s}{subsection.0.3.2}% 26
\BOOKMARK [3][-]{subsubsection.0.3.2.13}{\376\377\000M\000o\000d\000i\000f\000i\000c\000a\000r}{subsection.0.3.2}% 27
\BOOKMARK [3][-]{subsubsection.0.3.2.14}{\376\377\000P\000r\000e\000g\000u\000n\000t\000a\000r}{subsection.0.3.2}% 28
\BOOKMARK [2][-]{subsection.0.3.3}{\376\377\000P\000l\000a\000n\000\040\000d\000e\000\040\000p\000r\000u\000e\000b\000a}{section.0.3}% 29
\BOOKMARK [3][-]{subsubsection.0.3.3.1}{\376\377\000P\000r\000u\000e\000b\000a\000\040\000d\000e\000\040\000l\000o\000s\000\040\000m\000\363\000d\000u\000l\000o\000s}{subsection.0.3.3}% 30
\BOOKMARK [3][-]{subsubsection.0.3.3.2}{\376\377\000P\000r\000u\000e\000b\000a\000\040\000d\000e\000\040\000i\000n\000t\000e\000g\000r\000a\000c\000i\000\363\000n}{subsection.0.3.3}% 31
\BOOKMARK [3][-]{subsubsection.0.3.3.3}{\376\377\000P\000l\000a\000n\000\040\000d\000e\000\040\000p\000r\000u\000e\000b\000a\000s\000\040\000d\000e\000\040\000a\000c\000e\000p\000t\000a\000c\000i\000\363\000n}{subsection.0.3.3}% 32
\BOOKMARK [1][-]{section.0.4}{\376\377\000D\000o\000c\000u\000m\000e\000n\000t\000a\000c\000i\000\363\000n\000\040\000d\000e\000l\000\040\000c\000\363\000d\000i\000g\000o\000\040\000f\000u\000e\000n\000t\000e}{chapter*.1}% 33
\BOOKMARK [2][-]{subsection.0.4.1}{\376\377\000C\000\363\000d\000i\000g\000o\000\040\000d\000e\000\040\000l\000o\000s\000\040\000m\000\363\000d\000u\000l\000o\000s}{section.0.4}% 34
\BOOKMARK [3][-]{subsubsection.0.4.1.1}{\376\377\000A\000c\000c\000e\000s\000o}{subsection.0.4.1}% 35
\BOOKMARK [3][-]{subsubsection.0.4.1.2}{\376\377\000A\000c\000t\000u\000a\000l\000i\000z\000a\000r}{subsection.0.4.1}% 36
\BOOKMARK [3][-]{subsubsection.0.4.1.3}{\376\377\000B\000u\000s\000c\000a\000r}{subsection.0.4.1}% 37
\BOOKMARK [3][-]{subsubsection.0.4.1.4}{\376\377\000C\000o\000l\000o\000r\000e\000s}{subsection.0.4.1}% 38
\BOOKMARK [3][-]{subsubsection.0.4.1.5}{\376\377\000E\000l\000i\000m\000i\000n\000a\000r}{subsection.0.4.1}% 39
\BOOKMARK [3][-]{subsubsection.0.4.1.6}{\376\377\000E\000n\000c\000o\000n\000t\000r\000a\000r}{subsection.0.4.1}% 40
\BOOKMARK [3][-]{subsubsection.0.4.1.7}{\376\377\000E\000s\000c\000r\000i\000b\000i\000r}{subsection.0.4.1}% 41
\BOOKMARK [3][-]{subsubsection.0.4.1.8}{\376\377\000E\000s\000t\000r\000u\000c\000t\000u\000r\000a\000s}{subsection.0.4.1}% 42
\BOOKMARK [3][-]{subsubsection.0.4.1.9}{\376\377\000F\000e\000c\000h\000a}{subsection.0.4.1}% 43
\BOOKMARK [3][-]{subsubsection.0.4.1.10}{\376\377\000L\000e\000e\000r}{subsection.0.4.1}% 44
\BOOKMARK [3][-]{subsubsection.0.4.1.11}{\376\377\000L\000i\000s\000t\000a\000r}{subsection.0.4.1}% 45
\BOOKMARK [3][-]{subsubsection.0.4.1.12}{\376\377\000M\000e\000n\000\372\000s}{subsection.0.4.1}% 46
\BOOKMARK [3][-]{subsubsection.0.4.1.13}{\376\377\000M\000o\000d\000i\000f\000i\000c\000a\000r}{subsection.0.4.1}% 47
\BOOKMARK [3][-]{subsubsection.0.4.1.14}{\376\377\000P\000r\000e\000g\000u\000n\000t\000a\000r}{subsection.0.4.1}% 48
