This is pdfTeX, Version 3.141592653-2.6-1.40.24 (MiKTeX 22.10) (preloaded format=pdflatex 2023.4.3)  16 APR 2023 02:30
entering extended mode
 restricted \write18 enabled.
 file:line:error style messages enabled.
 %&-line parsing enabled.
**"c:/Users/adura/Mi unidad/UCA/MP/ESI-SHARE/DOCUMENTACION/DOC_LATEX/Doc_ESI-SHARE.tex"
(c:/Users/adura/Mi unidad/UCA/MP/ESI-SHARE/DOCUMENTACION/DOC_LATEX/Doc_ESI-SHARE.tex
LaTeX2e <2022-06-01> patch level 5
L3 programming layer <2022-09-28> (C:\Users\adura\AppData\Local\Programs\MiKTeX\tex/latex/base\report.cls
Document Class: report 2021/10/04 v1.4n Standard LaTeX document class
(C:\Users\adura\AppData\Local\Programs\MiKTeX\tex/latex/base\size12.clo
File: size12.clo 2021/10/04 v1.4n Standard LaTeX file (size option)
)
\c@part=\count185
\c@chapter=\count186
\c@section=\count187
\c@subsection=\count188
\c@subsubsection=\count189
\c@paragraph=\count190
\c@subparagraph=\count191
\c@figure=\count192
\c@table=\count193
\abovecaptionskip=\skip47
\belowcaptionskip=\skip48
\bibindent=\dimen138
) (C:\Users\adura\AppData\Local\Programs\MiKTeX\tex/generic/babel\babel.sty
Package: babel 2022/10/04 3.81 The Babel package
\babel@savecnt=\count194
\U@D=\dimen139
\l@unhyphenated=\language79
 (C:\Users\adura\AppData\Local\Programs\MiKTeX\tex/generic/babel\txtbabel.def)
\bbl@readstream=\read2
\bbl@dirlevel=\count195

*************************************
* Local config file bblopts.cfg used
*
(C:\Users\adura\AppData\Local\Programs\MiKTeX\tex/latex/arabi\bblopts.cfg
File: bblopts.cfg 2005/09/08 v0.1 add Arabic and Farsi to "declared" options of babel
) (C:\Users\adura\AppData\Local\Programs\MiKTeX\tex/latex/babel-spanish\spanish.ldf
Language: spanish.ldf 2021/05/27 v5.0q Spanish support from the babel system
\es@quottoks=\toks16
\es@quotdepth=\count196
Package babel Info: Making " an active character on input line 570.
Package babel Info: Making . an active character on input line 675.
Package babel Info: Making < an active character on input line 722.
Package babel Info: Making > an active character on input line 722.
Package babel Info: Making ' an active character on input line 740.
)) (C:\Users\adura\AppData\Local\Programs\MiKTeX\tex/generic/babel/locale/es\babel-spanish.tex
Package babel Info: Importing font and identification data for spanish
(babel)             from babel-es.ini. Reported on input line 11.
) (C:\Users\adura\AppData\Local\Programs\MiKTeX\tex/latex/natbib\natbib.sty
Package: natbib 2010/09/13 8.31b (PWD, AO)
\bibhang=\skip49
\bibsep=\skip50
LaTeX Info: Redefining \cite on input line 694.
\c@NAT@ctr=\count197
) (C:\Users\adura\AppData\Local\Programs\MiKTeX\tex/latex/xcolor\xcolor.sty
Package: xcolor 2022/06/12 v2.14 LaTeX color extensions (UK)
 (C:\Users\adura\AppData\Local\Programs\MiKTeX\tex/latex/graphics-cfg\color.cfg
File: color.cfg 2016/01/02 v1.6 sample color configuration
)
Package xcolor Info: Driver file: pdftex.def on input line 227.
 (C:\Users\adura\AppData\Local\Programs\MiKTeX\tex/latex/graphics-def\pdftex.def
File: pdftex.def 2022/09/22 v1.2b Graphics/color driver for pdftex
\stockwidth=\dimen140
\stockheight=\dimen141
) (C:\Users\adura\AppData\Local\Programs\MiKTeX\tex/latex/graphics\mathcolor.ltx)
Package xcolor Info: Model `cmy' substituted by `cmy0' on input line 1353.
Package xcolor Info: Model `hsb' substituted by `rgb' on input line 1357.
Package xcolor Info: Model `RGB' extended on input line 1369.
Package xcolor Info: Model `HTML' substituted by `rgb' on input line 1371.
Package xcolor Info: Model `Hsb' substituted by `hsb' on input line 1372.
Package xcolor Info: Model `tHsb' substituted by `hsb' on input line 1373.
Package xcolor Info: Model `HSB' substituted by `hsb' on input line 1374.
Package xcolor Info: Model `Gray' substituted by `gray' on input line 1375.
Package xcolor Info: Model `wave' substituted by `hsb' on input line 1376.
) (C:\Users\adura\AppData\Local\Programs\MiKTeX\tex/latex/graphics\graphicx.sty
Package: graphicx 2021/09/16 v1.2d Enhanced LaTeX Graphics (DPC,SPQR)
 (C:\Users\adura\AppData\Local\Programs\MiKTeX\tex/latex/graphics\keyval.sty
Package: keyval 2022/05/29 v1.15 key=value parser (DPC)
\KV@toks@=\toks17
) (C:\Users\adura\AppData\Local\Programs\MiKTeX\tex/latex/graphics\graphics.sty
Package: graphics 2022/03/10 v1.4e Standard LaTeX Graphics (DPC,SPQR)
 (C:\Users\adura\AppData\Local\Programs\MiKTeX\tex/latex/graphics\trig.sty
Package: trig 2021/08/11 v1.11 sin cos tan (DPC)
) (C:\Users\adura\AppData\Local\Programs\MiKTeX\tex/latex/graphics-cfg\graphics.cfg
File: graphics.cfg 2016/06/04 v1.11 sample graphics configuration
)
Package graphics Info: Driver file: pdftex.def on input line 107.
)
\Gin@req@height=\dimen142
\Gin@req@width=\dimen143
) (C:\Users\adura\AppData\Local\Programs\MiKTeX\tex/latex/listingsutf8\listingsutf8.sty
Package: listingsutf8 2019-12-10 v1.5 Allow UTF-8 in listings input (HO)
 (C:\Users\adura\AppData\Local\Programs\MiKTeX\tex/latex/listings\listings.sty
\lst@mode=\count198
\lst@gtempboxa=\box51
\lst@token=\toks18
\lst@length=\count199
\lst@currlwidth=\dimen144
\lst@column=\count266
\lst@pos=\count267
\lst@lostspace=\dimen145
\lst@width=\dimen146
\lst@newlines=\count268
\lst@lineno=\count269
\lst@maxwidth=\dimen147
 (C:\Users\adura\AppData\Local\Programs\MiKTeX\tex/latex/listings\lstmisc.sty
File: lstmisc.sty 2020/03/24 1.8d (Carsten Heinz)
\c@lstnumber=\count270
\lst@skipnumbers=\count271
\lst@framebox=\box52
) (C:\Users\adura\AppData\Local\Programs\MiKTeX\tex/latex/listings\listings.cfg
File: listings.cfg 2020/03/24 1.8d listings configuration
))
Package: listings 2020/03/24 1.8d (Carsten Heinz)
 (C:\Users\adura\AppData\Local\Programs\MiKTeX\tex/generic/pdftexcmds\pdftexcmds.sty
Package: pdftexcmds 2020-06-27 v0.33 Utility functions of pdfTeX for LuaTeX (HO)
 (C:\Users\adura\AppData\Local\Programs\MiKTeX\tex/generic/infwarerr\infwarerr.sty
Package: infwarerr 2019/12/03 v1.5 Providing info/warning/error messages (HO)
) (C:\Users\adura\AppData\Local\Programs\MiKTeX\tex/generic/iftex\iftex.sty
Package: iftex 2022/02/03 v1.0f TeX engine tests
) (C:\Users\adura\AppData\Local\Programs\MiKTeX\tex/generic/ltxcmds\ltxcmds.sty
Package: ltxcmds 2020-05-10 v1.25 LaTeX kernel commands for general use (HO)
)
Package pdftexcmds Info: \pdf@primitive is available.
Package pdftexcmds Info: \pdf@ifprimitive is available.
Package pdftexcmds Info: \pdfdraftmode found.
) (C:\Users\adura\AppData\Local\Programs\MiKTeX\tex/generic/stringenc\stringenc.sty
Package: stringenc 2019/11/29 v1.12 Convert strings between diff. encodings (HO)
 (C:\Users\adura\AppData\Local\Programs\MiKTeX\tex/generic/pdfescape\pdfescape.sty
Package: pdfescape 2019/12/09 v1.15 Implements pdfTeX's escape features (HO)
))) (C:\Users\adura\AppData\Local\Programs\MiKTeX\tex/latex/hyperref\hyperref.sty
Package: hyperref 2022-09-22 v7.00t Hypertext links for LaTeX
 (C:\Users\adura\AppData\Local\Programs\MiKTeX\tex/latex/kvsetkeys\kvsetkeys.sty
Package: kvsetkeys 2022-10-05 v1.19 Key value parser (HO)
) (C:\Users\adura\AppData\Local\Programs\MiKTeX\tex/generic/kvdefinekeys\kvdefinekeys.sty
Package: kvdefinekeys 2019-12-19 v1.6 Define keys (HO)
) (C:\Users\adura\AppData\Local\Programs\MiKTeX\tex/latex/hycolor\hycolor.sty
Package: hycolor 2020-01-27 v1.10 Color options for hyperref/bookmark (HO)
) (C:\Users\adura\AppData\Local\Programs\MiKTeX\tex/latex/letltxmacro\letltxmacro.sty
Package: letltxmacro 2019/12/03 v1.6 Let assignment for LaTeX macros (HO)
) (C:\Users\adura\AppData\Local\Programs\MiKTeX\tex/latex/auxhook\auxhook.sty
Package: auxhook 2019-12-17 v1.6 Hooks for auxiliary files (HO)
) (C:\Users\adura\AppData\Local\Programs\MiKTeX\tex/latex/hyperref\nameref.sty
Package: nameref 2022-05-17 v2.50 Cross-referencing by name of section
 (C:\Users\adura\AppData\Local\Programs\MiKTeX\tex/latex/refcount\refcount.sty
Package: refcount 2019/12/15 v3.6 Data extraction from label references (HO)
) (C:\Users\adura\AppData\Local\Programs\MiKTeX\tex/generic/gettitlestring\gettitlestring.sty
Package: gettitlestring 2019/12/15 v1.6 Cleanup title references (HO)
 (C:\Users\adura\AppData\Local\Programs\MiKTeX\tex/latex/kvoptions\kvoptions.sty
Package: kvoptions 2022-06-15 v3.15 Key value format for package options (HO)
))
\c@section@level=\count272
)
\@linkdim=\dimen148
\Hy@linkcounter=\count273
\Hy@pagecounter=\count274
 (C:\Users\adura\AppData\Local\Programs\MiKTeX\tex/latex/hyperref\pd1enc.def
File: pd1enc.def 2022-09-22 v7.00t Hyperref: PDFDocEncoding definition (HO)
Now handling font encoding PD1 ...
... no UTF-8 mapping file for font encoding PD1
) (C:\Users\adura\AppData\Local\Programs\MiKTeX\tex/generic/intcalc\intcalc.sty
Package: intcalc 2019/12/15 v1.3 Expandable calculations with integers (HO)
) (C:\Users\adura\AppData\Local\Programs\MiKTeX\tex/generic/etexcmds\etexcmds.sty
Package: etexcmds 2019/12/15 v1.7 Avoid name clashes with e-TeX commands (HO)
)
\Hy@SavedSpaceFactor=\count275
 (C:\Users\adura\AppData\Local\Programs\MiKTeX\tex/latex/hyperref\puenc.def
File: puenc.def 2022-09-22 v7.00t Hyperref: PDF Unicode definition (HO)
Now handling font encoding PU ...
... no UTF-8 mapping file for font encoding PU
)
Package hyperref Info: Option `breaklinks' set `true' on input line 4045.
Package hyperref Info: Hyper figures OFF on input line 4162.
Package hyperref Info: Link nesting OFF on input line 4167.
Package hyperref Info: Hyper index ON on input line 4170.
Package hyperref Info: Plain pages OFF on input line 4177.
Package hyperref Info: Backreferencing OFF on input line 4182.
Package hyperref Info: Implicit mode ON; LaTeX internals redefined.
Package hyperref Info: Bookmarks ON on input line 4410.
\c@Hy@tempcnt=\count276
 (C:\Users\adura\AppData\Local\Programs\MiKTeX\tex/latex/url\url.sty
\Urlmuskip=\muskip16
Package: url 2013/09/16  ver 3.4  Verb mode for urls, etc.
)
LaTeX Info: Redefining \url on input line 4748.
\XeTeXLinkMargin=\dimen149
 (C:\Users\adura\AppData\Local\Programs\MiKTeX\tex/generic/bitset\bitset.sty
Package: bitset 2019/12/09 v1.3 Handle bit-vector datatype (HO)
 (C:\Users\adura\AppData\Local\Programs\MiKTeX\tex/generic/bigintcalc\bigintcalc.sty
Package: bigintcalc 2019/12/15 v1.5 Expandable calculations on big integers (HO)
))
\Fld@menulength=\count277
\Field@Width=\dimen150
\Fld@charsize=\dimen151
Package hyperref Info: Hyper figures OFF on input line 6027.
Package hyperref Info: Link nesting OFF on input line 6032.
Package hyperref Info: Hyper index ON on input line 6035.
Package hyperref Info: backreferencing OFF on input line 6042.
Package hyperref Info: Link coloring OFF on input line 6047.
Package hyperref Info: Link coloring with OCG OFF on input line 6052.
Package hyperref Info: PDF/A mode OFF on input line 6057.
 (C:\Users\adura\AppData\Local\Programs\MiKTeX\tex/latex/base\atbegshi-ltx.sty
Package: atbegshi-ltx 2021/01/10 v1.0c Emulation of the original atbegshi
package with kernel methods
)
\Hy@abspage=\count278
\c@Item=\count279
\c@Hfootnote=\count280
)
Package hyperref Info: Driver (autodetected): hpdftex.
 (C:\Users\adura\AppData\Local\Programs\MiKTeX\tex/latex/hyperref\hpdftex.def
File: hpdftex.def 2022-09-22 v7.00t Hyperref driver for pdfTeX
 (C:\Users\adura\AppData\Local\Programs\MiKTeX\tex/latex/base\atveryend-ltx.sty
Package: atveryend-ltx 2020/08/19 v1.0a Emulation of the original atveryend package
with kernel methods
)
\Fld@listcount=\count281
\c@bookmark@seq@number=\count282
 (C:\Users\adura\AppData\Local\Programs\MiKTeX\tex/latex/rerunfilecheck\rerunfilecheck.sty
Package: rerunfilecheck 2022-07-10 v1.10 Rerun checks for auxiliary files (HO)
 (C:\Users\adura\AppData\Local\Programs\MiKTeX\tex/generic/uniquecounter\uniquecounter.sty
Package: uniquecounter 2019/12/15 v1.4 Provide unlimited unique counter (HO)
)
Package uniquecounter Info: New unique counter `rerunfilecheck' on input line 285.
)
\Hy@SectionHShift=\skip51
) (C:\Users\adura\AppData\Local\Programs\MiKTeX\tex/latex/tocbibind\tocbibind.sty
Package: tocbibind 2010/10/13 v1.5k extra ToC listings
Package tocbibind Info: The document has chapter divisions on input line 50.


Package tocbibind Note: Using chapter style headings, unless overridden.

) (C:\Users\adura\AppData\Local\Programs\MiKTeX\tex/latex/pdfpages\pdfpages.sty
Package: pdfpages 2022/12/19 v0.5x Insert pages of external PDF documents (AM)
 (C:\Users\adura\AppData\Local\Programs\MiKTeX\tex/latex/base\ifthen.sty
Package: ifthen 2022/04/13 v1.1d Standard LaTeX ifthen package (DPC)
) (C:\Users\adura\AppData\Local\Programs\MiKTeX\tex/latex/tools\calc.sty
Package: calc 2017/05/25 v4.3 Infix arithmetic (KKT,FJ)
\calc@Acount=\count283
\calc@Bcount=\count284
\calc@Adimen=\dimen152
\calc@Bdimen=\dimen153
\calc@Askip=\skip52
\calc@Bskip=\skip53
LaTeX Info: Redefining \setlength on input line 80.
LaTeX Info: Redefining \addtolength on input line 81.
\calc@Ccount=\count285
\calc@Cskip=\skip54
) (C:\Users\adura\AppData\Local\Programs\MiKTeX\tex/latex/eso-pic\eso-pic.sty
Package: eso-pic 2023/03/23 v3.0b eso-pic (RN)
\ESO@tempdima=\dimen154
\ESO@tempdimb=\dimen155
)
\AM@pagewidth=\dimen156
\AM@pageheight=\dimen157
\AM@fboxrule=\dimen158
 (C:\Users\adura\AppData\Local\Programs\MiKTeX\tex/latex/pdfpages\pppdftex.def
File: pppdftex.def 2022/12/19 v0.5x Pdfpages driver for pdfTeX (AM)
)
\pdfpages@includegraphics@status=\count286
\AM@pagebox=\box53
\AM@global@opts=\toks19
\AM@pagecnt=\count287
\AM@toc@title=\toks20
\AM@lof@heading=\toks21
\c@AM@survey=\count288
\AM@templatesizebox=\box54
) (C:\Users\adura\AppData\Local\Programs\MiKTeX\tex/latex/l3backend\l3backend-pdftex.def
File: l3backend-pdftex.def 2022-09-28 L3 backend support: PDF output (pdfTeX)
\l__color_backend_stack_int=\count289
\l__pdf_internal_box=\box55
) (Doc_ESI-SHARE.aux
LaTeX Info: Redefining \. on input line 23.
LaTeX Info: Redefining \% on input line 23.
 (Introduc.aux) (DocUsuario.aux) (DocSistema.aux) (DocCode.aux))
\openout1 = `Doc_ESI-SHARE.aux'.

LaTeX Font Info:    Checking defaults for OML/cmm/m/it on input line 36.
LaTeX Font Info:    ... okay on input line 36.
LaTeX Font Info:    Checking defaults for OMS/cmsy/m/n on input line 36.
LaTeX Font Info:    ... okay on input line 36.
LaTeX Font Info:    Checking defaults for OT1/cmr/m/n on input line 36.
LaTeX Font Info:    ... okay on input line 36.
LaTeX Font Info:    Checking defaults for T1/cmr/m/n on input line 36.
LaTeX Font Info:    ... okay on input line 36.
LaTeX Font Info:    Checking defaults for TS1/cmr/m/n on input line 36.
LaTeX Font Info:    ... okay on input line 36.
LaTeX Font Info:    Checking defaults for OMX/cmex/m/n on input line 36.
LaTeX Font Info:    ... okay on input line 36.
LaTeX Font Info:    Checking defaults for U/cmr/m/n on input line 36.
LaTeX Font Info:    ... okay on input line 36.
LaTeX Font Info:    Checking defaults for PD1/pdf/m/n on input line 36.
LaTeX Font Info:    ... okay on input line 36.
LaTeX Font Info:    Checking defaults for PU/pdf/m/n on input line 36.
LaTeX Font Info:    ... okay on input line 36.
LaTeX Info: Redefining \. on input line 36.
LaTeX Info: Redefining \% on input line 36.
 (C:\Users\adura\AppData\Local\Programs\MiKTeX\tex/context/base/mkii\supp-pdf.mkii
[Loading MPS to PDF converter (version 2006.09.02).]
\scratchcounter=\count290
\scratchdimen=\dimen159
\scratchbox=\box56
\nofMPsegments=\count291
\nofMParguments=\count292
\everyMPshowfont=\toks22
\MPscratchCnt=\count293
\MPscratchDim=\dimen160
\MPnumerator=\count294
\makeMPintoPDFobject=\count295
\everyMPtoPDFconversion=\toks23
) (C:\Users\adura\AppData\Local\Programs\MiKTeX\tex/latex/epstopdf-pkg\epstopdf-base.sty
Package: epstopdf-base 2020-01-24 v2.11 Base part for package epstopdf
Package epstopdf-base Info: Redefining graphics rule for `.eps' on input line 485.
 (C:\Users\adura\AppData\Local\Programs\MiKTeX\tex/latex/00miktex\epstopdf-sys.cfg
File: epstopdf-sys.cfg 2021/03/18 v2.0 Configuration of epstopdf for MiKTeX
))
\c@lstlisting=\count296
 (C:\Users\adura\AppData\Local\Programs\MiKTeX\tex/latex/base\inputenc.sty
Package: inputenc 2021/02/14 v1.3d Input encoding file
\inpenc@prehook=\toks24
\inpenc@posthook=\toks25
)
Package hyperref Info: Link coloring OFF on input line 36.
 (Doc_ESI-SHARE.out) (Doc_ESI-SHARE.out)
\@outlinefile=\write3
\openout3 = `Doc_ESI-SHARE.out'.

 (C:\Users\adura\AppData\Local\Programs\MiKTeX\tex/latex/pdflscape\pdflscape.sty
Package: pdflscape 2022-10-27 v0.13 Display of landscape pages in PDF
 (C:\Users\adura\AppData\Local\Programs\MiKTeX\tex/latex/pdflscape\pdflscape-nometadata.sty
Package: pdflscape-nometadata 2022-10-28 v0.13 Display of landscape pages in PDF (HO)
 (C:\Users\adura\AppData\Local\Programs\MiKTeX\tex/latex/graphics\lscape.sty
Package: lscape 2020/05/28 v3.02 Landscape Pages (DPC)
)
Package pdflscape Info: Auto-detected driver: pdftex on input line 81.
)) (Portada.tex
<FOTOS/uca.jpg, id=183, 597.432pt x 235.8411pt>
File: FOTOS/uca.jpg Graphic file (type jpg)
<use FOTOS/uca.jpg>
Package pdftex.def Info: FOTOS/uca.jpg  used on input line 8.
(pdftex.def)             Requested size: 113.80496pt x 56.90529pt.
<FOTOS/logo_ESI-SHARE.png, id=184, 1915.155pt x 718.685pt>
File: FOTOS/logo_ESI-SHARE.png Graphic file (type png)
<use FOTOS/logo_ESI-SHARE.png>
Package pdftex.def Info: FOTOS/logo_ESI-SHARE.png  used on input line 10.
(pdftex.def)             Requested size: 142.25694pt x 56.9038pt.
<FOTOS/logo.jpg, id=186, 666.49pt x 521.95pt>
File: FOTOS/logo.jpg Graphic file (type jpg)
<use FOTOS/logo.jpg>
Package pdftex.def Info: FOTOS/logo.jpg  used on input line 21.
(pdftex.def)             Requested size: 219.07794pt x 170.71487pt.
LaTeX Font Info:    External font `cmex10' loaded for size
(Font)              <12> on input line 26.
LaTeX Font Info:    External font `cmex10' loaded for size
(Font)              <8> on input line 26.
LaTeX Font Info:    External font `cmex10' loaded for size
(Font)              <6> on input line 26.

Overfull \hbox (25.9634pt too wide) in paragraph at lines 5--27
[]$[]$ 
 []

[1

{C:/Users/adura/AppData/Local/MiKTeX/fonts/map/pdftex/pdftex.map} <./FOTOS/uca.jpg> <./FOTOS/logo_ESI-SHARE.png> <./FOTOS/logo.jpg>]) (Doc_ESI-SHARE.toc
LaTeX Info: Redefining \. on input line 1.
LaTeX Info: Redefining \% on input line 1.

pdfTeX warning (ext4): destination with the same identifier (name{page.1}) has been already used, duplicate ignored
<to be read again> 
                   \relax 
l.33 ... {4.1.1}Acceso}{23}{subsubsection.0.4.1.1}
                                                  % [1

])
\tf@toc=\write4
\openout4 = `Doc_ESI-SHARE.toc'.

 [2]
\openout2 = `Introduc.aux'.

 (Introduc.tex) [3

]
\openout2 = `DocUsuario.aux'.

 (DocUsuario.tex
<FOTOS/menuPasajeroPerfil.png, id=252, 255.95625pt x 184.43906pt>
File: FOTOS/menuPasajeroPerfil.png Graphic file (type png)
<use FOTOS/menuPasajeroPerfil.png>
Package pdftex.def Info: FOTOS/menuPasajeroPerfil.png  used on input line 18.
(pdftex.def)             Requested size: 255.95561pt x 184.4386pt.
 [4



 <./FOTOS/menuPasajeroPerfil.png>]
<FOTOS/menuPasajeroViaje.png, id=258, 212.29312pt x 197.23688pt>
File: FOTOS/menuPasajeroViaje.png Graphic file (type png)
<use FOTOS/menuPasajeroViaje.png>
Package pdftex.def Info: FOTOS/menuPasajeroViaje.png  used on input line 23.
(pdftex.def)             Requested size: 212.2926pt x 197.23637pt.
File: FOTOS/menuPasajeroPerfil.png Graphic file (type png)
<use FOTOS/menuPasajeroPerfil.png>
Package pdftex.def Info: FOTOS/menuPasajeroPerfil.png  used on input line 30.
(pdftex.def)             Requested size: 255.95561pt x 184.4386pt.
 [5 <./FOTOS/menuPasajeroViaje.png>]
<FOTOS/menuConductorVehiculo.png, id=264, 170.13562pt x 167.87718pt>
File: FOTOS/menuConductorVehiculo.png Graphic file (type png)
<use FOTOS/menuConductorVehiculo.png>
Package pdftex.def Info: FOTOS/menuConductorVehiculo.png  used on input line 35.
(pdftex.def)             Requested size: 170.1352pt x 167.87677pt.
<FOTOS/menuConductorViaje.png, id=265, 212.29312pt x 241.65282pt>
File: FOTOS/menuConductorViaje.png Graphic file (type png)
<use FOTOS/menuConductorViaje.png>
Package pdftex.def Info: FOTOS/menuConductorViaje.png  used on input line 39.
(pdftex.def)             Requested size: 212.2926pt x 241.65222pt.
 [6 <./FOTOS/menuConductorVehiculo.png> <./FOTOS/menuConductorViaje.png>]
<FOTOS/menuAdminUsuario.png, id=273, 210.7875pt x 110.66344pt>
File: FOTOS/menuAdminUsuario.png Graphic file (type png)
<use FOTOS/menuAdminUsuario.png>
Package pdftex.def Info: FOTOS/menuAdminUsuario.png  used on input line 47.
(pdftex.def)             Requested size: 210.78699pt x 110.66315pt.
<FOTOS/menuAdminVehiculo.png, id=274, 286.82156pt x 121.95563pt>
File: FOTOS/menuAdminVehiculo.png Graphic file (type png)
<use FOTOS/menuAdminVehiculo.png>
Package pdftex.def Info: FOTOS/menuAdminVehiculo.png  used on input line 51.
(pdftex.def)             Requested size: 286.82085pt x 121.9553pt.
<FOTOS/menuAdminViaje.png, id=275, 211.54031pt x 120.45pt>
File: FOTOS/menuAdminViaje.png Graphic file (type png)
<use FOTOS/menuAdminViaje.png>
Package pdftex.def Info: FOTOS/menuAdminViaje.png  used on input line 55.
(pdftex.def)             Requested size: 211.53978pt x 120.44969pt.
 [7 <./FOTOS/menuAdminUsuario.png> <./FOTOS/menuAdminVehiculo.png> <./FOTOS/menuAdminViaje.png>] [8]
<FOTOS/menuPrincipal.png, id=292, 158.84344pt x 63.98906pt>
File: FOTOS/menuPrincipal.png Graphic file (type png)
<use FOTOS/menuPrincipal.png>
Package pdftex.def Info: FOTOS/menuPrincipal.png  used on input line 121.
(pdftex.def)             Requested size: 158.84305pt x 63.98889pt.
 [9 <./FOTOS/menuPrincipal.png>]
Overfull \hbox (7.69861pt too wide) in paragraph at lines 144--145
\OT1/cmr/m/n/12 mo-di-fi-car-los o in-clu-so eli-mi-nar-los. Pa-ra es-to, la matr^^S^^Pcu-la del veh^^S^^Pcu-
 []

[10]) [11]
\openout2 = `DocSistema.aux'.

 (DocSistema.tex
Underfull \hbox (badness 10000) in paragraph at lines 18--22

 []


Underfull \hbox (badness 10000) in paragraph at lines 28--30

 []


Underfull \hbox (badness 10000) in paragraph at lines 36--40

 []

[12



]
Underfull \hbox (badness 10000) in paragraph at lines 46--47

 []


Underfull \hbox (badness 10000) in paragraph at lines 53--55

 []


Underfull \hbox (badness 10000) in paragraph at lines 61--64

 []


Underfull \hbox (badness 10000) in paragraph at lines 70--76

 []

[13]
Underfull \hbox (badness 10000) in paragraph at lines 82--83

 []


Underfull \hbox (badness 10000) in paragraph at lines 90--93

 []


Underfull \hbox (badness 10000) in paragraph at lines 99--102

 []

[14]
Underfull \hbox (badness 10000) in paragraph at lines 116--118

 []


Underfull \hbox (badness 10000) in paragraph at lines 124--125

 []


Underfull \hbox (badness 10000) in paragraph at lines 131--133

 []

[15]
Underfull \hbox (badness 10000) in paragraph at lines 141--142

 []

<FOTOS/descomposicion_modular.jpeg, id=359, 798.5835pt x 710.4141pt>
File: FOTOS/descomposicion_modular.jpeg Graphic file (type jpg)
<use FOTOS/descomposicion_modular.jpeg>
Package pdftex.def Info: FOTOS/descomposicion_modular.jpeg  used on input line 143.
(pdftex.def)             Requested size: 429.00238pt x 381.645pt.

Overfull \hbox (39.00238pt too wide) in paragraph at lines 143--144
 [] 
 []

[16 <./FOTOS/descomposicion_modular.jpeg>]
File: FOTOS/menuPrincipal.png Graphic file (type png)
<use FOTOS/menuPrincipal.png>
Package pdftex.def Info: FOTOS/menuPrincipal.png  used on input line 159.
(pdftex.def)             Requested size: 158.84305pt x 63.98889pt.
<FOTOS/menuSeleccionUsuario.png, id=366, 109.91063pt x 76.78688pt>
File: FOTOS/menuSeleccionUsuario.png Graphic file (type png)
<use FOTOS/menuSeleccionUsuario.png>
Package pdftex.def Info: FOTOS/menuSeleccionUsuario.png  used on input line 166.
(pdftex.def)             Requested size: 109.91034pt x 76.78668pt.
File: FOTOS/menuPasajeroPerfil.png Graphic file (type png)
<use FOTOS/menuPasajeroPerfil.png>
Package pdftex.def Info: FOTOS/menuPasajeroPerfil.png  used on input line 169.
(pdftex.def)             Requested size: 255.95561pt x 184.4386pt.
 [17 <./FOTOS/menuSeleccionUsuario.png>]
File: FOTOS/menuPasajeroViaje.png Graphic file (type png)
<use FOTOS/menuPasajeroViaje.png>
Package pdftex.def Info: FOTOS/menuPasajeroViaje.png  used on input line 177.
(pdftex.def)             Requested size: 212.2926pt x 197.23637pt.
File: FOTOS/menuSeleccionUsuario.png Graphic file (type png)
<use FOTOS/menuSeleccionUsuario.png>
Package pdftex.def Info: FOTOS/menuSeleccionUsuario.png  used on input line 183.
(pdftex.def)             Requested size: 109.91034pt x 76.78668pt.
 [18]
File: FOTOS/menuPasajeroPerfil.png Graphic file (type png)
<use FOTOS/menuPasajeroPerfil.png>
Package pdftex.def Info: FOTOS/menuPasajeroPerfil.png  used on input line 186.
(pdftex.def)             Requested size: 255.95561pt x 184.4386pt.
File: FOTOS/menuConductorVehiculo.png Graphic file (type png)
<use FOTOS/menuConductorVehiculo.png>
Package pdftex.def Info: FOTOS/menuConductorVehiculo.png  used on input line 194.
(pdftex.def)             Requested size: 170.1352pt x 167.87677pt.
 [19]
File: FOTOS/menuConductorViaje.png Graphic file (type png)
<use FOTOS/menuConductorViaje.png>
Package pdftex.def Info: FOTOS/menuConductorViaje.png  used on input line 200.
(pdftex.def)             Requested size: 212.2926pt x 241.65222pt.
 [20]
File: FOTOS/menuPrincipal.png Graphic file (type png)
<use FOTOS/menuPrincipal.png>
Package pdftex.def Info: FOTOS/menuPrincipal.png  used on input line 207.
(pdftex.def)             Requested size: 158.84305pt x 63.98889pt.
<FOTOS/menuAdmin.png, id=385, 210.03468pt x 91.09032pt>
File: FOTOS/menuAdmin.png Graphic file (type png)
<use FOTOS/menuAdmin.png>
Package pdftex.def Info: FOTOS/menuAdmin.png  used on input line 214.
(pdftex.def)             Requested size: 210.03416pt x 91.09007pt.
File: FOTOS/menuAdmin.png Graphic file (type png)
<use FOTOS/menuAdmin.png>
Package pdftex.def Info: FOTOS/menuAdmin.png  used on input line 217.
(pdftex.def)             Requested size: 210.03416pt x 91.09007pt.
 [21 <./FOTOS/menuAdmin.png>]
File: FOTOS/menuAdminVehiculo.png Graphic file (type png)
<use FOTOS/menuAdminVehiculo.png>
Package pdftex.def Info: FOTOS/menuAdminVehiculo.png  used on input line 226.
(pdftex.def)             Requested size: 286.82085pt x 121.9553pt.
File: FOTOS/menuAdminViaje.png Graphic file (type png)
<use FOTOS/menuAdminViaje.png>
Package pdftex.def Info: FOTOS/menuAdminViaje.png  used on input line 232.
(pdftex.def)             Requested size: 211.53978pt x 120.44969pt.
) [22]
\openout2 = `DocCode.aux'.

 (DocCode.tex (C:\Users\adura\AppData\Local\Programs\MiKTeX\tex/latex/listings\lstlang1.sty
File: lstlang1.sty 2020/03/24 1.8d listings language file
) (C:\Users\adura\AppData\Local\Programs\MiKTeX\tex/latex/listings\lstmisc.sty
File: lstmisc.sty 2020/03/24 1.8d (Carsten Heinz)
)
Package hyperref Info: bookmark level for unknown lstlisting defaults to 0 on input line 22.
 (CODIGO_sin_caracteres_especiales/acceso.c [23



]
LaTeX Font Info:    Trying to load font information for OMS+cmr on input line 10.
 (C:\Users\adura\AppData\Local\Programs\MiKTeX\tex/latex/base\omscmr.fd
File: omscmr.fd 2019/12/16 v2.5j Standard LaTeX font definitions
)
LaTeX Font Info:    Font shape `OMS/cmr/m/n' in size <12> not available
(Font)              Font shape `OMS/cmsy/m/n' tried instead on input line 10.
LaTeX Font Info:    Trying to load font information for OML+cmr on input line 20.
 (C:\Users\adura\AppData\Local\Programs\MiKTeX\tex/latex/base\omlcmr.fd
File: omlcmr.fd 2019/12/16 v2.5j Standard LaTeX font definitions
)
LaTeX Font Info:    Font shape `OML/cmr/m/n' in size <12> not available
(Font)              Font shape `OML/cmm/m/it' tried instead on input line 20.
 [24] [25] [26]) (CODIGO_sin_caracteres_especiales/actualizar.c [27] [28]) (CODIGO_sin_caracteres_especiales/buscar.c [29] [30] [31] [32] [33] [34] [35]) (CODIGO_sin_caracteres_especiales/colores.c [36]) (CODIGO_sin_caracteres_especiales/eliminar.c [37] [38] [39] [40] [41] [42] [43] [44] [45] [46] [47] [48] [49] [50] [51] [52] [53] [54] [55] [56] [57] [58] [59] [60] [61] [62] [63] [64] [65]) (CODIGO_sin_caracteres_especiales/encontrar.c [66] [67] [68] [69] [70] [71] [72] [73] [74] [75] [76] [77]) [78] (CODIGO_sin_caracteres_especiales/escribir.c [79] [80] [81] [82] [83] [84] [85] [86] [87] [88] [89] [90] [91] [92] [93] [94] [95] [96] [97] [98] [99] [100] [101] [102] [103] [104] [105]) (CODIGO_sin_caracteres_especiales/estructuras.h [106]) (CODIGO_sin_caracteres_especiales/fecha.c [107] [108] [109] [110] [111] [112] [113] [114] [115] [116] [117] [118] [119]) (CODIGO_sin_caracteres_especiales/leer.c [120] [121] [122] [123] [124] [125] [126] [127] [128] [129] [130] [131] [132] [133] [134]) (CODIGO_sin_caracteres_especiales/listar.c [135] [136] [137] [138] [139] [140] [141] [142] [143] [144] [145] [146] [147] [148] [149]) (CODIGO_sin_caracteres_especiales/menus.c [150] [151] [152] [153] [154] [155] [156] [157] [158] [159] [160] [161] [162] [163] [164] [165] [166] [167] [168] [169] [170] [171] [172] [173] [174] [175]) (CODIGO_sin_caracteres_especiales/modificar.c [176] [177] [178] [179]
Overfull \hbox (3.64935pt too wide) in paragraph at lines 99--100
[][] 
 []


Overfull \hbox (3.64935pt too wide) in paragraph at lines 99--100
[][] 
 []


Overfull \hbox (11.8493pt too wide) in paragraph at lines 100--101
[][][][][] 
 []


Overfull \hbox (31.8493pt too wide) in paragraph at lines 101--102
[][] 
 []


Overfull \hbox (45.94928pt too wide) in paragraph at lines 101--102
[][] 
 []


Overfull \hbox (38.89929pt too wide) in paragraph at lines 101--102
[][] 
 []


Overfull \hbox (3.64935pt too wide) in paragraph at lines 102--103
[][] 
 []

[180]
Overfull \hbox (3.64935pt too wide) in paragraph at lines 107--108
[][] 
 []


Overfull \hbox (10.69934pt too wide) in paragraph at lines 107--108
[][] 
 []


Overfull \hbox (11.8493pt too wide) in paragraph at lines 114--115
[][][][][] 
 []


Overfull \hbox (24.79932pt too wide) in paragraph at lines 115--116
[][] 
 []


Overfull \hbox (38.89929pt too wide) in paragraph at lines 115--116
[][] 
 []


Overfull \hbox (31.8493pt too wide) in paragraph at lines 115--116
[][] 
 []


Overfull \hbox (10.69934pt too wide) in paragraph at lines 115--116
[][] 
 []


Overfull \hbox (17.74933pt too wide) in paragraph at lines 115--116
[][] 
 []

[181]
Overfull \hbox (3.64935pt too wide) in paragraph at lines 116--117
[][] 
 []

[182]
Overfull \hbox (11.8493pt too wide) in paragraph at lines 123--124
[][][][][] 
 []


Overfull \hbox (17.74933pt too wide) in paragraph at lines 124--125
[][] 
 []


Overfull \hbox (38.89929pt too wide) in paragraph at lines 124--125
[][] 
 []


Overfull \hbox (31.8493pt too wide) in paragraph at lines 124--125
[][] 
 []


Overfull \hbox (10.69934pt too wide) in paragraph at lines 124--125
[][] 
 []


Overfull \hbox (10.69934pt too wide) in paragraph at lines 124--125
[][] 
 []


Overfull \hbox (38.89929pt too wide) in paragraph at lines 124--125
[][] 
 []


Overfull \hbox (3.64935pt too wide) in paragraph at lines 125--126
[][] 
 []

[183] [184] [185]
Overfull \hbox (11.8493pt too wide) in paragraph at lines 165--166
[][][][][] 
 []


Overfull \hbox (31.8493pt too wide) in paragraph at lines 166--167
[][] 
 []


Overfull \hbox (45.94928pt too wide) in paragraph at lines 166--167
[][] 
 []


Overfull \hbox (38.89929pt too wide) in paragraph at lines 166--167
[][] 
 []

[186]
Overfull \hbox (3.64935pt too wide) in paragraph at lines 167--168
[][] 
 []


Overfull \hbox (3.64935pt too wide) in paragraph at lines 171--172
[][] 
 []


Overfull \hbox (10.69934pt too wide) in paragraph at lines 171--172
[][] 
 []


Overfull \hbox (11.8493pt too wide) in paragraph at lines 176--177
[][][][][] 
 []


Overfull \hbox (24.79932pt too wide) in paragraph at lines 177--178
[][] 
 []


Overfull \hbox (38.89929pt too wide) in paragraph at lines 177--178
[][] 
 []


Overfull \hbox (31.8493pt too wide) in paragraph at lines 177--178
[][] 
 []


Overfull \hbox (10.69934pt too wide) in paragraph at lines 177--178
[][] 
 []


Overfull \hbox (17.74933pt too wide) in paragraph at lines 177--178
[][] 
 []

[187]
Overfull \hbox (3.64935pt too wide) in paragraph at lines 178--179
[][] 
 []


Overfull \hbox (11.8493pt too wide) in paragraph at lines 183--184
[][][][][] 
 []


Overfull \hbox (17.74933pt too wide) in paragraph at lines 184--185
[][] 
 []


Overfull \hbox (38.89929pt too wide) in paragraph at lines 184--185
[][] 
 []


Overfull \hbox (31.8493pt too wide) in paragraph at lines 184--185
[][] 
 []


Overfull \hbox (10.69934pt too wide) in paragraph at lines 184--185
[][] 
 []


Overfull \hbox (10.69934pt too wide) in paragraph at lines 184--185
[][] 
 []


Overfull \hbox (38.89929pt too wide) in paragraph at lines 184--185
[][] 
 []

[188]
Overfull \hbox (3.64935pt too wide) in paragraph at lines 185--186
[][] 
 []

[189] [190] [191] [192] [193] [194]
Overfull \hbox (18.89929pt too wide) in paragraph at lines 355--356
[][][][][] 
 []

[195] [196] [197]
Overfull \hbox (18.89929pt too wide) in paragraph at lines 407--408
[][][][][] 
 []

[198] [199] [200] [201] [202] [203] [204] [205] [206]
Overfull \hbox (4.79932pt too wide) in paragraph at lines 629--630
[][][][][] 
 []


Overfull \hbox (11.8493pt too wide) in paragraph at lines 635--636
[][][][][] 
 []

[207]
Overfull \hbox (4.79932pt too wide) in paragraph at lines 639--640
[][][][][] 
 []


Overfull \hbox (11.8493pt too wide) in paragraph at lines 641--642
[][][][][] 
 []

[208] [209] [210]) (CODIGO_sin_caracteres_especiales/preguntar.c
LaTeX Font Info:    Font shape `OMS/cmr/m/it' in size <12> not available
(Font)              Font shape `OMS/cmsy/m/n' tried instead on input line 5.
 [211] [212] [213] [214] [215] [216])) [217] (Doc_ESI-SHARE.aux
LaTeX Info: Redefining \. on input line 23.
LaTeX Info: Redefining \% on input line 23.
 (Introduc.aux) (DocUsuario.aux) (DocSistema.aux) (DocCode.aux))
Package rerunfilecheck Info: File `Doc_ESI-SHARE.out' has not changed.
(rerunfilecheck)             Checksum: 6B1E4234EFD9AEB9DAF6CBC87482B46F;5902.
 ) 
Here is how much of TeX's memory you used:
 19485 strings out of 475385
 315152 string characters out of 2776908
 1082261 words of memory out of 3000000
 35414 multiletter control sequences out of 15000+600000
 475874 words of font info for 49 fonts, out of 8000000 for 9000
 1141 hyphenation exceptions out of 8191
 72i,6n,77p,607b,2073s stack positions out of 10000i,1000n,20000p,200000b,80000s
 <C:\Users\adura\AppData\Local\MiKTeX\fonts/pk/ljfour/jknappen/ec/dpi600\tcti1200.pk> <C:\Users\adura\AppData\Local\MiKTeX\fonts/pk/ljfour/jknappen/ec/dpi600\tcrm1200.pk><C:/Users/adura/AppData/Local/Programs/MiKTeX/fonts/type1/public/amsfonts/cm/cmbx12.pfb><C:/Users/adura/AppData/Local/Programs/MiKTeX/fonts/type1/public/amsfonts/cm/cmmi12.pfb><C:/Users/adura/AppData/Local/Programs/MiKTeX/fonts/type1/public/amsfonts/cm/cmr12.pfb><C:/Users/adura/AppData/Local/Programs/MiKTeX/fonts/type1/public/amsfonts/cm/cmsy10.pfb><C:/Users/adura/AppData/Local/Programs/MiKTeX/fonts/type1/public/amsfonts/cm/cmti12.pfb>
Output written on Doc_ESI-SHARE.pdf (218 pages, 2728081 bytes).
PDF statistics:
 7218 PDF objects out of 7423 (max. 8388607)
 5174 named destinations out of 6186 (max. 500000)
 431 words of extra memory for PDF output out of 10000 (max. 10000000)

